  Main.cpp
C:\Users\dogef\Documents\C++ project\Quizmaster\Quizmaster\Quizmaster\Main.cpp(346,13): warning C4267: 'initializing': conversion from 'size_t' to 'int', possible loss of data
C:\Users\dogef\Documents\C++ project\Quizmaster\Quizmaster\Quizmaster\Main.cpp(456,34): warning C4267: 'initializing': conversion from 'size_t' to 'int', possible loss of data
C:\Users\dogef\Documents\C++ project\Quizmaster\Quizmaster\Quizmaster\Main.cpp(671,14): warning C4244: 'initializing': conversion from 'double' to 'int', possible loss of data
C:\Users\dogef\Documents\C++ project\Quizmaster\Quizmaster\Quizmaster\Main.cpp(702,25): warning C4838: conversion from 'int' to 'Uint8' requires a narrowing conversion
C:\Users\dogef\Documents\C++ project\Quizmaster\Quizmaster\Quizmaster\Main.cpp(702,27): warning C4838: conversion from 'int' to 'Uint8' requires a narrowing conversion
C:\Users\dogef\Documents\C++ project\Quizmaster\Quizmaster\Quizmaster\Main.cpp(702,29): warning C4838: conversion from 'int' to 'Uint8' requires a narrowing conversion
C:\Program Files\Microsoft Visual Studio\2022\Community\VC\Tools\MSVC\14.34.31933\include\type_traits(1572,67): warning C4244: 'argument': conversion from '_Cv_TiD' to 'int', possible loss of data
          with
          [
              _Cv_TiD=unsigned __int64
          ]
C:\Program Files\Microsoft Visual Studio\2022\Community\VC\Tools\MSVC\14.34.31933\include\functional(682,1): message : see reference to function template instantiation 'void std::invoke<void(__cdecl *&)(int),_Cv_TiD&,>(_Callable,_Ty1) noexcept(false)' being compiled
          with
          [
              _Cv_TiD=unsigned __int64,
              _Callable=void (__cdecl *&)(int),
              _Ty1=unsigned __int64 &
          ]
C:\Program Files\Microsoft Visual Studio\2022\Community\VC\Tools\MSVC\14.34.31933\include\functional(1972,100): message : see reference to function template instantiation 'void std::_Invoker_ret<std::_Unforced>::_Call<void(__cdecl *&)(int),_Cv_TiD&>(_Fx,_Cv_TiD &) noexcept(false)' being compiled
          with
          [
              _Cv_TiD=unsigned __int64,
              _Fx=void (__cdecl *&)(int)
          ]
C:\Program Files\Microsoft Visual Studio\2022\Community\VC\Tools\MSVC\14.34.31933\include\functional(2010,103): message : see reference to function template instantiation 'void std::_Call_binder<std::_Unforced,0,void(__cdecl *)(int),_Ty2,std::tuple<>>(std::_Invoker_ret<std::_Unforced>,std::integer_sequence<size_t,0>,_Cv_FD &,_Cv_tuple_TiD &,_Untuple &&) noexcept(false)' being compiled
          with
          [
              _Ty2=std::tuple<unsigned __int64>,
              _Cv_FD=void (__cdecl *)(int),
              _Cv_tuple_TiD=std::tuple<unsigned __int64>,
              _Untuple=std::tuple<>
          ]
C:\Program Files\Microsoft Visual Studio\2022\Community\VC\Tools\MSVC\14.34.31933\include\type_traits(1561,51): message : see reference to function template instantiation 'void std::_Binder<std::_Unforced,void (__cdecl *)(int),size_t &>::operator ()<>(void) noexcept(false)' being compiled
C:\Program Files\Microsoft Visual Studio\2022\Community\VC\Tools\MSVC\14.34.31933\include\type_traits(1562,5): message : see reference to function template instantiation 'void std::_Binder<std::_Unforced,void (__cdecl *)(int),size_t &>::operator ()<>(void) noexcept(false)' being compiled
C:\Program Files\Microsoft Visual Studio\2022\Community\VC\Tools\MSVC\14.34.31933\include\functional(665,1): message : see reference to function template instantiation 'void std::invoke<_Callable&>(std::_Binder<std::_Unforced,void (__cdecl *)(int),size_t &>&) noexcept(false)' being compiled
          with
          [
              _Callable=std::_Binder<std::_Unforced,void (__cdecl *)(int),size_t &>
          ]
C:\Program Files\Microsoft Visual Studio\2022\Community\VC\Tools\MSVC\14.34.31933\include\functional(832,1): message : see reference to function template instantiation '_Rx std::_Invoker_ret<_Rx>::_Call<_Callable&,>(_Fx) noexcept(false)' being compiled
          with
          [
              _Rx=void,
              _Callable=std::_Binder<std::_Unforced,void (__cdecl *)(int),size_t &>,
              _Fx=std::_Binder<std::_Unforced,void (__cdecl *)(int),size_t &> &
          ]
C:\Program Files\Microsoft Visual Studio\2022\Community\VC\Tools\MSVC\14.34.31933\include\functional(833,9): message : see reference to function template instantiation '_Rx std::_Invoker_ret<_Rx>::_Call<_Callable&,>(_Fx) noexcept(false)' being compiled
          with
          [
              _Rx=void,
              _Callable=std::_Binder<std::_Unforced,void (__cdecl *)(int),size_t &>,
              _Fx=std::_Binder<std::_Unforced,void (__cdecl *)(int),size_t &> &
          ]
C:\Program Files\Microsoft Visual Studio\2022\Community\VC\Tools\MSVC\14.34.31933\include\functional(832,1): message : while compiling class template member function '_Rx std::_Func_impl_no_alloc<std::_Binder<std::_Unforced,void (__cdecl *)(int),size_t &>,_Rx>::_Do_call(void)'
          with
          [
              _Rx=void
          ]
C:\Program Files\Microsoft Visual Studio\2022\Community\VC\Tools\MSVC\14.34.31933\include\functional(730,13): message : see reference to class template instantiation 'std::_Func_impl_no_alloc<std::_Binder<std::_Unforced,void (__cdecl *)(int),size_t &>,_Ret>' being compiled
          with
          [
              _Ret=void
          ]
C:\Program Files\Microsoft Visual Studio\2022\Community\VC\Tools\MSVC\14.34.31933\include\functional(916,23): message : see reference to variable template 'const bool _Is_large<std::_Func_impl_no_alloc<std::_Binder<std::_Unforced,void (__cdecl*)(int),unsigned __int64 &>,void> >' being compiled
C:\Program Files\Microsoft Visual Studio\2022\Community\VC\Tools\MSVC\14.34.31933\include\functional(1043,1): message : see reference to function template instantiation 'void std::_Func_class<_Ret>::_Reset<_Ty>(_Fx &&)' being compiled
          with
          [
              _Ret=void,
              _Ty=std::_Binder<std::_Unforced,void (__cdecl *)(int),size_t &>,
              _Fx=std::_Binder<std::_Unforced,void (__cdecl *)(int),size_t &>
          ]
C:\Program Files\Microsoft Visual Studio\2022\Community\VC\Tools\MSVC\14.34.31933\include\functional(1043,21): message : see reference to function template instantiation 'void std::_Func_class<_Ret>::_Reset<_Ty>(_Fx &&)' being compiled
          with
          [
              _Ret=void,
              _Ty=std::_Binder<std::_Unforced,void (__cdecl *)(int),size_t &>,
              _Fx=std::_Binder<std::_Unforced,void (__cdecl *)(int),size_t &>
          ]
C:\Users\dogef\Documents\C++ project\Quizmaster\Quizmaster\Quizmaster\Main.cpp(439,57): message : see reference to function template instantiation 'std::function<void (void)>::function<std::_Binder<std::_Unforced,void (__cdecl *)(int),size_t &>,0>(_Fx &&)' being compiled
          with
          [
              _Fx=std::_Binder<std::_Unforced,void (__cdecl *)(int),size_t &>
          ]
C:\Users\dogef\Documents\C++ project\Quizmaster\Quizmaster\Quizmaster\Main.cpp(439,22): message : see reference to function template instantiation 'std::function<void (void)>::function<std::_Binder<std::_Unforced,void (__cdecl *)(int),size_t &>,0>(_Fx &&)' being compiled
          with
          [
              _Fx=std::_Binder<std::_Unforced,void (__cdecl *)(int),size_t &>
          ]
  Quizmaster.vcxproj -> C:\Users\dogef\Documents\C++ project\Quizmaster\Quizmaster\Quizmaster\x64\Debug\Quizmaster.exe
