c:\users\dogef\documents\c++ project\quizmaster\quizmaster\quizmaster\x64\debug\vc143.pdb
c:\users\dogef\documents\c++ project\quizmaster\quizmaster\quizmaster\x64\debug\vc143.idb
c:\users\dogef\documents\c++ project\quizmaster\quizmaster\quizmaster\x64\debug\textinput.obj
c:\users\dogef\documents\c++ project\quizmaster\quizmaster\quizmaster\x64\debug\text.obj
c:\users\dogef\documents\c++ project\quizmaster\quizmaster\quizmaster\x64\debug\question.obj
c:\users\dogef\documents\c++ project\quizmaster\quizmaster\quizmaster\x64\debug\main.obj
c:\users\dogef\documents\c++ project\quizmaster\quizmaster\quizmaster\x64\debug\button.obj
c:\users\dogef\documents\c++ project\quizmaster\quizmaster\quizmaster\x64\debug\quiz.obj
c:\users\dogef\documents\c++ project\quizmaster\quizmaster\quizmaster\x64\debug\mysql.obj
c:\users\dogef\documents\c++ project\quizmaster\quizmaster\quizmaster\x64\debug\quizmaster.lib
c:\users\dogef\documents\c++ project\quizmaster\quizmaster\quizmaster\x64\debug\quizmaster.exp
c:\users\dogef\documents\c++ project\quizmaster\quizmaster\quizmaster\x64\debug\quizmaster.pdb
c:\users\dogef\documents\c++ project\quizmaster\quizmaster\quizmaster\x64\debug\quizmaster.tlog\cl.command.1.tlog
c:\users\dogef\documents\c++ project\quizmaster\quizmaster\quizmaster\x64\debug\quizmaster.tlog\cl.read.1.tlog
c:\users\dogef\documents\c++ project\quizmaster\quizmaster\quizmaster\x64\debug\quizmaster.tlog\cl.write.1.tlog
c:\users\dogef\documents\c++ project\quizmaster\quizmaster\quizmaster\x64\debug\quizmaster.tlog\link-cvtres.read.1.tlog
c:\users\dogef\documents\c++ project\quizmaster\quizmaster\quizmaster\x64\debug\quizmaster.tlog\link-cvtres.write.1.tlog
c:\users\dogef\documents\c++ project\quizmaster\quizmaster\quizmaster\x64\debug\quizmaster.tlog\link-rc.read.1.tlog
c:\users\dogef\documents\c++ project\quizmaster\quizmaster\quizmaster\x64\debug\quizmaster.tlog\link-rc.write.1.tlog
c:\users\dogef\documents\c++ project\quizmaster\quizmaster\quizmaster\x64\debug\quizmaster.tlog\link.83780-cvtres.read.1.tlog
c:\users\dogef\documents\c++ project\quizmaster\quizmaster\quizmaster\x64\debug\quizmaster.tlog\link.83780-cvtres.write.1.tlog
c:\users\dogef\documents\c++ project\quizmaster\quizmaster\quizmaster\x64\debug\quizmaster.tlog\link.83780-rc.read.1.tlog
c:\users\dogef\documents\c++ project\quizmaster\quizmaster\quizmaster\x64\debug\quizmaster.tlog\link.83780-rc.write.1.tlog
c:\users\dogef\documents\c++ project\quizmaster\quizmaster\quizmaster\x64\debug\quizmaster.tlog\link.83780.read.1.tlog
c:\users\dogef\documents\c++ project\quizmaster\quizmaster\quizmaster\x64\debug\quizmaster.tlog\link.83780.read.2.tlog
c:\users\dogef\documents\c++ project\quizmaster\quizmaster\quizmaster\x64\debug\quizmaster.tlog\link.83780.write.1.tlog
c:\users\dogef\documents\c++ project\quizmaster\quizmaster\quizmaster\x64\debug\quizmaster.tlog\link.command.1.tlog
c:\users\dogef\documents\c++ project\quizmaster\quizmaster\quizmaster\x64\debug\quizmaster.tlog\link.read.1.tlog
c:\users\dogef\documents\c++ project\quizmaster\quizmaster\quizmaster\x64\debug\quizmaster.tlog\link.read.2.tlog
c:\users\dogef\documents\c++ project\quizmaster\quizmaster\quizmaster\x64\debug\quizmaster.tlog\link.write.1.tlog
c:\users\dogef\documents\c++ project\quizmaster\quizmaster\quizmaster\x64\debug\quizmaster.tlog\link.write.2u.tlog
